# JRE version: Java(TM) SE Runtime Environment (23.0.1+11) (build 23.0.1+11-39)
# Java VM: Java HotSpot(TM) 64-Bit Server VM (23.0.1+11-39, mixed mode, sharing, tiered, compressed oops, compressed class ptrs, g1 gc, windows-amd64)
GC Precious Log:
 CardTable entry size: 512
 Card Set container configuration: InlinePtr #cards 5 size 8 Array Of Cards #cards 10 size 36 Howl #buckets 4 coarsen threshold 1843 Howl Bitmap #cards 512 size 80 coarsen threshold 460 Card regions per heap region 1 cards per card region 2048
 CPUs: 12 total, 12 available
 Memory: 5996M
 Large Page Support: Disabled
 NUMA Support: Disabled
 Compressed Oops: Enabled (32-bit)
 Heap Region Size: 1M
 Heap Min Capacity: 8M
 Heap Initial Capacity: 94M
 Heap Max Capacity: 1500M
 Pre-touch: Disabled
 Parallel Workers: 10
 Concurrent Workers: 3
 Concurrent Refinement Workers: 10
 Periodic GC: Disabled
Heap:
 garbage-first heap   total reserved 1536000K, committed 108544K, used 105561K [0x00000000a2400000, 0x0000000100000000)
  region size 1024K, 28 young (28672K), 1 survivors (1024K)
 Metaspace       used 25821K, committed 26240K, reserved 1114112K
  class space    used 3445K, committed 3648K, reserved 1048576K
GC Heap History (16 events):
Event: 0.518 GC heap before
{Heap before GC invocations=0 (full 0):
 garbage-first heap   total reserved 1536000K, committed 96256K, used 23552K [0x00000000a2400000, 0x0000000100000000)
  region size 1024K, 24 young (24576K), 0 survivors (0K)
 Metaspace       used 3648K, committed 3840K, reserved 1114112K
  class space    used 383K, committed 448K, reserved 1048576K
}
Event: 0.521 GC heap after
{Heap after GC invocations=1 (full 0):
 garbage-first heap   total reserved 1536000K, committed 96256K, used 2581K [0x00000000a2400000, 0x0000000100000000)
  region size 1024K, 3 young (3072K), 3 survivors (3072K)
 Metaspace       used 3648K, committed 3840K, reserved 1114112K
  class space    used 383K, committed 448K, reserved 1048576K
}
Event: 0.778 GC heap before
{Heap before GC invocations=1 (full 0):
 garbage-first heap   total reserved 1536000K, committed 96256K, used 27157K [0x00000000a2400000, 0x0000000100000000)
  region size 1024K, 28 young (28672K), 3 survivors (3072K)
 Metaspace       used 10169K, committed 10432K, reserved 1114112K
  class space    used 1388K, committed 1536K, reserved 1048576K
}
Event: 0.783 GC heap after
{Heap after GC invocations=2 (full 0):
 garbage-first heap   total reserved 1536000K, committed 96256K, used 6293K [0x00000000a2400000, 0x0000000100000000)
  region size 1024K, 4 young (4096K), 4 survivors (4096K)
 Metaspace       used 10169K, committed 10432K, reserved 1114112K
  class space    used 1388K, committed 1536K, reserved 1048576K
}
Event: 4.305 GC heap before
{Heap before GC invocations=2 (full 0):
 garbage-first heap   total reserved 1536000K, committed 96256K, used 50325K [0x00000000a2400000, 0x0000000100000000)
  region size 1024K, 48 young (49152K), 4 survivors (4096K)
 Metaspace       used 19452K, committed 19776K, reserved 1114112K
  class space    used 2643K, committed 2752K, reserved 1048576K
}
Event: 4.315 GC heap after
{Heap after GC invocations=3 (full 0):
 garbage-first heap   total reserved 1536000K, committed 96256K, used 13887K [0x00000000a2400000, 0x0000000100000000)
  region size 1024K, 6 young (6144K), 6 survivors (6144K)
 Metaspace       used 19452K, committed 19776K, reserved 1114112K
  class space    used 2643K, committed 2752K, reserved 1048576K
}
Event: 4.507 GC heap before
{Heap before GC invocations=3 (full 0):
 garbage-first heap   total reserved 1536000K, committed 96256K, used 22079K [0x00000000a2400000, 0x0000000100000000)
  region size 1024K, 14 young (14336K), 6 survivors (6144K)
 Metaspace       used 21147K, committed 21504K, reserved 1114112K
  class space    used 2857K, committed 3072K, reserved 1048576K
}
Event: 4.513 GC heap after
{Heap after GC invocations=4 (full 0):
 garbage-first heap   total reserved 1536000K, committed 96256K, used 17725K [0x00000000a2400000, 0x0000000100000000)
  region size 1024K, 2 young (2048K), 2 survivors (2048K)
 Metaspace       used 21147K, committed 21504K, reserved 1114112K
  class space    used 2857K, committed 3072K, reserved 1048576K
}
Event: 6.974 GC heap before
{Heap before GC invocations=5 (full 0):
 garbage-first heap   total reserved 1536000K, committed 65536K, used 63805K [0x00000000a2400000, 0x0000000100000000)
  region size 1024K, 14 young (14336K), 2 survivors (2048K)
 Metaspace       used 23416K, committed 23808K, reserved 1114112K
  class space    used 3083K, committed 3264K, reserved 1048576K
}
Event: 6.976 GC heap after
{Heap after GC invocations=6 (full 0):
 garbage-first heap   total reserved 1536000K, committed 68608K, used 53465K [0x00000000a2400000, 0x0000000100000000)
  region size 1024K, 3 young (3072K), 3 survivors (3072K)
 Metaspace       used 23416K, committed 23808K, reserved 1114112K
  class space    used 3083K, committed 3264K, reserved 1048576K
}
Event: 14.249 GC heap before
{Heap before GC invocations=6 (full 0):
 garbage-first heap   total reserved 1536000K, committed 68608K, used 67801K [0x00000000a2400000, 0x0000000100000000)
  region size 1024K, 9 young (9216K), 3 survivors (3072K)
 Metaspace       used 23733K, committed 24128K, reserved 1114112K
  class space    used 3093K, committed 3264K, reserved 1048576K
}
Event: 14.251 GC heap after
{Heap after GC invocations=7 (full 0):
 garbage-first heap   total reserved 1536000K, committed 72704K, used 61646K [0x00000000a2400000, 0x0000000100000000)
  region size 1024K, 1 young (1024K), 1 survivors (1024K)
 Metaspace       used 23733K, committed 24128K, reserved 1114112K
  class space    used 3093K, committed 3264K, reserved 1048576K
}
Event: 18.874 GC heap before
{Heap before GC invocations=7 (full 0):
 garbage-first heap   total reserved 1536000K, committed 72704K, used 65742K [0x00000000a2400000, 0x0000000100000000)
  region size 1024K, 5 young (5120K), 1 survivors (1024K)
 Metaspace       used 23944K, committed 24320K, reserved 1114112K
  class space    used 3093K, committed 3264K, reserved 1048576K
}
Event: 18.875 GC heap after
{Heap after GC invocations=8 (full 0):
 garbage-first heap   total reserved 1536000K, committed 72704K, used 61563K [0x00000000a2400000, 0x0000000100000000)
  region size 1024K, 1 young (1024K), 1 survivors (1024K)
 Metaspace       used 23944K, committed 24320K, reserved 1114112K
  class space    used 3093K, committed 3264K, reserved 1048576K
}
Event: 24.003 GC heap before
{Heap before GC invocations=9 (full 0):
 garbage-first heap   total reserved 1536000K, committed 104448K, used 65659K [0x00000000a2400000, 0x0000000100000000)
  region size 1024K, 5 young (5120K), 1 survivors (1024K)
 Metaspace       used 24019K, committed 24384K, reserved 1114112K
  class space    used 3089K, committed 3264K, reserved 1048576K
}
Event: 24.005 GC heap after
{Heap after GC invocations=10 (full 0):
 garbage-first heap   total reserved 1536000K, committed 104448K, used 61529K [0x00000000a2400000, 0x0000000100000000)
  region size 1024K, 1 young (1024K), 1 survivors (1024K)
 Metaspace       used 24019K, committed 24384K, reserved 1114112K
  class space    used 3089K, committed 3264K, reserved 1048576K
}

